#
# There is insufficient memory for the Java Runtime Environment to continue.
# Native memory allocation (malloc) failed to allocate 609696 bytes for Chunk::new
# Possible reasons:
#   The system is out of physical RAM or swap space
#   The process is running with CompressedOops enabled, and the Java Heap may be blocking the growth of the native heap
# Possible solutions:
#   Reduce memory load on the system
#   Increase physical memory or swap space
#   Check if swap backing store is full
#   Decrease Java heap size (-Xmx/-Xms)
#   Decrease number of Java threads
#   Decrease Java thread stack sizes (-Xss)
#   Set larger code cache with -XX:ReservedCodeCacheSize=
#   JVM is running with Unscaled Compressed Oops mode in which the Java heap is
#     placed in the first 4GB address space. The Java Heap base address is the
#     maximum limit for the native heap growth. Please use -XX:HeapBaseMinAddress
#     to set the Java Heap base and to place the Java Heap above 4GB virtual address.
# This output file may be truncated or incomplete.
#
#  Out of Memory Error (allocation.cpp:389), pid=8496, tid=0x00000000000058b8
#
# JRE version: Java(TM) SE Runtime Environment (8.0_271-b09) (build 1.8.0_271-b09)
# Java VM: Java HotSpot(TM) 64-Bit Server VM (25.271-b09 mixed mode windows-amd64 compressed oops)
# Failed to write core dump. Minidumps are not enabled by default on client versions of Windows
#

---------------  T H R E A D  ---------------

Current thread (0x000001f65bb44800):  JavaThread "C2 CompilerThread0" daemon [_thread_in_native, id=22712, stack(0x0000007914f00000,0x0000007915000000)]

Stack: [0x0000007914f00000,0x0000007915000000]
Native frames: (J=compiled Java code, j=interpreted, Vv=VM code, C=native code)
V  [jvm.dll+0x33f6c9]
V  [jvm.dll+0x286122]
V  [jvm.dll+0x286dcd]
V  [jvm.dll+0x27d805]
V  [jvm.dll+0xe574c]
V  [jvm.dll+0xe5f4c]
V  [jvm.dll+0x462b72]
V  [jvm.dll+0x49df9d]
V  [jvm.dll+0x452bf1]
V  [jvm.dll+0x44feb4]
V  [jvm.dll+0x43aef7]
V  [jvm.dll+0xbc3eb]
V  [jvm.dll+0xbaa4b]
V  [jvm.dll+0x24e7c2]
V  [jvm.dll+0x2a2dcc]
C  [ucrtbase.dll+0x20369]
C  [KERNEL32.DLL+0x12774]
C  [ntdll.dll+0x70d61]


Current CompileTask:
C2:  51592 2968       4       javax.swing.plaf.nimbus.NimbusDefaults$LazyStyle::matches (229 bytes)


---------------  P R O C E S S  ---------------

Java Threads: ( => current thread )
  0x000001f65f2ad800 JavaThread "Thread-3" [_thread_blocked, id=25244, stack(0x0000007916400000,0x0000007916500000)]
  0x000001f65f191000 JavaThread "TimerQueue" daemon [_thread_blocked, id=6284, stack(0x0000007916200000,0x0000007916300000)]
  0x000001f65bc46800 JavaThread "Thread-2" [_thread_blocked, id=20804, stack(0x0000007915d00000,0x0000007915e00000)]
  0x000001f65d4f7000 JavaThread "mysql-cj-abandoned-connection-cleanup" daemon [_thread_blocked, id=24760, stack(0x0000007915c00000,0x0000007915d00000)]
  0x000001f645310800 JavaThread "DestroyJavaVM" [_thread_blocked, id=14248, stack(0x0000007914500000,0x0000007914600000)]
  0x000001f65caa0800 JavaThread "AWT-EventQueue-0" [_thread_blocked, id=16824, stack(0x0000007915700000,0x0000007915800000)]
  0x000001f65ca82800 JavaThread "AWT-Windows" daemon [_thread_in_native, id=24196, stack(0x0000007915600000,0x0000007915700000)]
  0x000001f65ca7a000 JavaThread "AWT-Shutdown" [_thread_blocked, id=23128, stack(0x0000007915500000,0x0000007915600000)]
  0x000001f65ca79000 JavaThread "Java2D Disposer" daemon [_thread_blocked, id=5308, stack(0x0000007915400000,0x0000007915500000)]
  0x000001f65bbb7000 JavaThread "Service Thread" daemon [_thread_blocked, id=7920, stack(0x0000007915200000,0x0000007915300000)]
  0x000001f65bb9a000 JavaThread "C1 CompilerThread2" daemon [_thread_blocked, id=2432, stack(0x0000007915100000,0x0000007915200000)]
  0x000001f65bb47000 JavaThread "C2 CompilerThread1" daemon [_thread_blocked, id=22736, stack(0x0000007915000000,0x0000007915100000)]
=>0x000001f65bb44800 JavaThread "C2 CompilerThread0" daemon [_thread_in_native, id=22712, stack(0x0000007914f00000,0x0000007915000000)]
  0x000001f65bb42800 JavaThread "Attach Listener" daemon [_thread_blocked, id=24516, stack(0x0000007914e00000,0x0000007914f00000)]
  0x000001f65bb3e800 JavaThread "Signal Dispatcher" daemon [_thread_blocked, id=11952, stack(0x0000007914d00000,0x0000007914e00000)]
  0x000001f65b3f3800 JavaThread "Finalizer" daemon [_thread_blocked, id=23312, stack(0x0000007914c00000,0x0000007914d00000)]
  0x000001f65bb26000 JavaThread "Reference Handler" daemon [_thread_blocked, id=12628, stack(0x0000007914b00000,0x0000007914c00000)]

Other Threads:
  0x000001f65bb03000 VMThread [stack: 0x0000007914a00000,0x0000007914b00000] [id=25124]
  0x000001f65bba7800 WatcherThread [stack: 0x0000007915300000,0x0000007915400000] [id=11868]

VM state:not at safepoint (normal execution)

VM Mutex/Monitor currently owned by a thread: None

heap address: 0x0000000081400000, size: 2028 MB, Compressed Oops mode: 32-bit
Narrow klass base: 0x0000000000000000, Narrow klass shift: 3
Compressed class space size: 1073741824 Address: 0x0000000100000000

Heap:
 PSYoungGen      total 38400K, used 25935K [0x00000000d5c00000, 0x00000000d8680000, 0x0000000100000000)
  eden space 33280K, 77% used [0x00000000d5c00000,0x00000000d7553dd8,0x00000000d7c80000)
  from space 5120K, 0% used [0x00000000d8180000,0x00000000d8180000,0x00000000d8680000)
  to   space 5120K, 0% used [0x00000000d7c80000,0x00000000d7c80000,0x00000000d8180000)
 ParOldGen       total 82944K, used 16627K [0x0000000081400000, 0x0000000086500000, 0x00000000d5c00000)
  object space 82944K, 20% used [0x0000000081400000,0x000000008243cce0,0x0000000086500000)
 Metaspace       used 23147K, capacity 23506K, committed 23808K, reserved 1071104K
  class space    used 2870K, capacity 2971K, committed 3072K, reserved 1048576K

Card table byte_map: [0x000001f6560c0000,0x000001f6564c0000] byte_map_base: 0x000001f655cb6000

Marking Bits: (ParMarkBitMap*) 0x00000000519f7fe0
 Begin Bits: [0x000001f656770000, 0x000001f658720000)
 End Bits:   [0x000001f658720000, 0x000001f65a6d0000)

Polling page: 0x000001f646cd0000

CodeCache: size=245760Kb used=8926Kb max_used=9483Kb free=236833Kb
 bounds [0x000001f646d00000, 0x000001f647660000, 0x000001f655d00000]
 total_blobs=3373 nmethods=2747 adapters=538
 compilation: enabled

Compilation events (10 events):
Event: 51.532 Thread 0x000001f65bb9a000 nmethod 2975 0x000001f646e0fad0 code [0x000001f646e0fc80, 0x000001f646e10230]
Event: 51.534 Thread 0x000001f65bb9a000 2976       3       sun.nio.cs.UTF_8$Decoder::decodeArrayLoop (691 bytes)
Event: 51.539 Thread 0x000001f65bb47000 nmethod 2974 0x000001f646e88110 code [0x000001f646e882a0, 0x000001f646e88bd8]
Event: 51.542 Thread 0x000001f65bb9a000 nmethod 2976 0x000001f64764ec90 code [0x000001f64764f5e0, 0x000001f647655e30]
Event: 51.547 Thread 0x000001f65bb47000 2977       4       java.awt.geom.Path2D$Iterator::next (35 bytes)
Event: 51.549 Thread 0x000001f65bb47000 nmethod 2977 0x000001f647233750 code [0x000001f6472338a0, 0x000001f647233998]
Event: 51.552 Thread 0x000001f65bb47000 2978       4       sun.awt.SunHints$Key::isCompatibleValue (18 bytes)
Event: 51.553 Thread 0x000001f65bb47000 nmethod 2978 0x000001f646f45050 code [0x000001f646f451a0, 0x000001f646f45258]
Event: 51.553 Thread 0x000001f65bb9a000 2979       3       sun.reflect.ClassFileAssembler::emitConstantPoolMethodref (28 bytes)
Event: 51.554 Thread 0x000001f65bb9a000 nmethod 2979 0x000001f64714aed0 code [0x000001f64714b0c0, 0x000001f64714b7b0]

GC Heap History (6 events):
Event: 3.296 GC heap before
{Heap before GC invocations=1 (full 0):
 PSYoungGen      total 38400K, used 33280K [0x00000000d5c00000, 0x00000000d8680000, 0x0000000100000000)
  eden space 33280K, 100% used [0x00000000d5c00000,0x00000000d7c80000,0x00000000d7c80000)
  from space 5120K, 0% used [0x00000000d8180000,0x00000000d8180000,0x00000000d8680000)
  to   space 5120K, 0% used [0x00000000d7c80000,0x00000000d7c80000,0x00000000d8180000)
 ParOldGen       total 87552K, used 0K [0x0000000081400000, 0x0000000086980000, 0x00000000d5c00000)
  object space 87552K, 0% used [0x0000000081400000,0x0000000081400000,0x0000000086980000)
 Metaspace       used 16583K, capacity 16878K, committed 17152K, reserved 1064960K
  class space    used 2090K, capacity 2204K, committed 2304K, reserved 1048576K
Event: 3.306 GC heap after
Heap after GC invocations=1 (full 0):
 PSYoungGen      total 38400K, used 5118K [0x00000000d5c00000, 0x00000000d8680000, 0x0000000100000000)
  eden space 33280K, 0% used [0x00000000d5c00000,0x00000000d5c00000,0x00000000d7c80000)
  from space 5120K, 99% used [0x00000000d7c80000,0x00000000d817f8d0,0x00000000d8180000)
  to   space 5120K, 0% used [0x00000000d8180000,0x00000000d8180000,0x00000000d8680000)
 ParOldGen       total 87552K, used 9216K [0x0000000081400000, 0x0000000086980000, 0x00000000d5c00000)
  object space 87552K, 10% used [0x0000000081400000,0x0000000081d00398,0x0000000086980000)
 Metaspace       used 16583K, capacity 16878K, committed 17152K, reserved 1064960K
  class space    used 2090K, capacity 2204K, committed 2304K, reserved 1048576K
}
Event: 4.568 GC heap before
{Heap before GC invocations=2 (full 0):
 PSYoungGen      total 38400K, used 29424K [0x00000000d5c00000, 0x00000000d8680000, 0x0000000100000000)
  eden space 33280K, 73% used [0x00000000d5c00000,0x00000000d73bc7e8,0x00000000d7c80000)
  from space 5120K, 99% used [0x00000000d7c80000,0x00000000d817f8d0,0x00000000d8180000)
  to   space 5120K, 0% used [0x00000000d8180000,0x00000000d8180000,0x00000000d8680000)
 ParOldGen       total 87552K, used 9216K [0x0000000081400000, 0x0000000086980000, 0x00000000d5c00000)
  object space 87552K, 10% used [0x0000000081400000,0x0000000081d00398,0x0000000086980000)
 Metaspace       used 20614K, capacity 20992K, committed 21248K, reserved 1067008K
  class space    used 2592K, capacity 2714K, committed 2816K, reserved 1048576K
Event: 4.582 GC heap after
Heap after GC invocations=2 (full 0):
 PSYoungGen      total 38400K, used 5104K [0x00000000d5c00000, 0x00000000d8680000, 0x0000000100000000)
  eden space 33280K, 0% used [0x00000000d5c00000,0x00000000d5c00000,0x00000000d7c80000)
  from space 5120K, 99% used [0x00000000d8180000,0x00000000d867c0b0,0x00000000d8680000)
  to   space 5120K, 0% used [0x00000000d7c80000,0x00000000d7c80000,0x00000000d8180000)
 ParOldGen       total 87552K, used 12700K [0x0000000081400000, 0x0000000086980000, 0x00000000d5c00000)
  object space 87552K, 14% used [0x0000000081400000,0x00000000820673b0,0x0000000086980000)
 Metaspace       used 20614K, capacity 20992K, committed 21248K, reserved 1067008K
  class space    used 2592K, capacity 2714K, committed 2816K, reserved 1048576K
}
Event: 4.582 GC heap before
{Heap before GC invocations=3 (full 1):
 PSYoungGen      total 38400K, used 5104K [0x00000000d5c00000, 0x00000000d8680000, 0x0000000100000000)
  eden space 33280K, 0% used [0x00000000d5c00000,0x00000000d5c00000,0x00000000d7c80000)
  from space 5120K, 99% used [0x00000000d8180000,0x00000000d867c0b0,0x00000000d8680000)
  to   space 5120K, 0% used [0x00000000d7c80000,0x00000000d7c80000,0x00000000d8180000)
 ParOldGen       total 87552K, used 12700K [0x0000000081400000, 0x0000000086980000, 0x00000000d5c00000)
  object space 87552K, 14% used [0x0000000081400000,0x00000000820673b0,0x0000000086980000)
 Metaspace       used 20614K, capacity 20992K, committed 21248K, reserved 1067008K
  class space    used 2592K, capacity 2714K, committed 2816K, reserved 1048576K
Event: 4.644 GC heap after
Heap after GC invocations=3 (full 1):
 PSYoungGen      total 38400K, used 0K [0x00000000d5c00000, 0x00000000d8680000, 0x0000000100000000)
  eden space 33280K, 0% used [0x00000000d5c00000,0x00000000d5c00000,0x00000000d7c80000)
  from space 5120K, 0% used [0x00000000d8180000,0x00000000d8180000,0x00000000d8680000)
  to   space 5120K, 0% used [0x00000000d7c80000,0x00000000d7c80000,0x00000000d8180000)
 ParOldGen       total 82944K, used 16627K [0x0000000081400000, 0x0000000086500000, 0x00000000d5c00000)
  object space 82944K, 20% used [0x0000000081400000,0x000000008243cce0,0x0000000086500000)
 Metaspace       used 20614K, capacity 20992K, committed 21248K, reserved 1067008K
  class space    used 2592K, capacity 2714K, committed 2816K, reserved 1048576K
}

Deoptimization events (10 events):
Event: 4.311 Thread 0x000001f65caa0800 Uncommon trap: reason=class_check action=maybe_recompile pc=0x000001f64723305c method=sun.security.util.math.intpoly.IntegerPolynomial$MutableElement.setSum(Lsun/security/util/math/IntegerModuloP;)Lsun/security/util/math/intpoly/IntegerPolynomial$MutableE
Event: 4.311 Thread 0x000001f65caa0800 Uncommon trap: reason=class_check action=maybe_recompile pc=0x000001f64723305c method=sun.security.util.math.intpoly.IntegerPolynomial$MutableElement.setSum(Lsun/security/util/math/IntegerModuloP;)Lsun/security/util/math/intpoly/IntegerPolynomial$MutableE
Event: 4.542 Thread 0x000001f65caa0800 Uncommon trap: reason=predicate action=maybe_recompile pc=0x000001f646f59f90 method=java.awt.LinearGradientPaintContext.fillRaster([IIIIIII)V @ 56
Event: 4.542 Thread 0x000001f65caa0800 Uncommon trap: reason=unstable_if action=reinterpret pc=0x000001f646f4a5e8 method=java.awt.MultipleGradientPaintContext.indexIntoGradientsArrays(F)I @ 93
Event: 4.543 Thread 0x000001f65caa0800 Uncommon trap: reason=unstable_if action=reinterpret pc=0x000001f646f54368 method=java.awt.MultipleGradientPaintContext.indexIntoGradientsArrays(F)I @ 93
Event: 13.659 Thread 0x000001f65caa0800 Uncommon trap: reason=unstable_if action=reinterpret pc=0x000001f64728e550 method=java.awt.MultipleGradientPaintContext.indexIntoGradientsArrays(F)I @ 13
Event: 29.252 Thread 0x000001f65caa0800 Uncommon trap: reason=unstable_if action=reinterpret pc=0x000001f6474e3dc4 method=java.awt.Container.getMouseEventTargetImpl(IIZLjava/awt/Container$EventTargetFilter;ZZ)Ljava/awt/Component; @ 218
Event: 44.180 Thread 0x000001f65caa0800 Uncommon trap: reason=unstable_if action=reinterpret pc=0x000001f6473cddd8 method=java.awt.MultipleGradientPaintContext.indexIntoGradientsArrays(F)I @ 24
Event: 44.180 Thread 0x000001f65caa0800 Uncommon trap: reason=unstable_if action=reinterpret pc=0x000001f64739c90c method=java.awt.MultipleGradientPaintContext.indexIntoGradientsArrays(F)I @ 24
Event: 51.470 Thread 0x000001f65caa0800 Uncommon trap: reason=null_check action=make_not_entrant pc=0x000001f6476495f8 method=javax.swing.plaf.nimbus.NimbusDefaults$LazyStyle.matches(Ljava/awt/Component;I)Z @ 39

Classes redefined (0 events):
No events

Internal exceptions (10 events):
Event: 0.568 Thread 0x000001f645310800 Exception <a 'java/lang/ClassNotFoundException': ToggleButton> (0x00000000d6019db0) thrown at [C:\jenkins\workspace\8-2-build-windows-amd64-cygwin\jdk8u271\605\hotspot\src\share\vm\classfile\systemDictionary.cpp, line 212]
Event: 0.568 Thread 0x000001f645310800 Exception <a 'java/lang/ClassNotFoundException': javax/swing/JToolBarSeparator> (0x00000000d601a210) thrown at [C:\jenkins\workspace\8-2-build-windows-amd64-cygwin\jdk8u271\605\hotspot\src\share\vm\classfile\systemDictionary.cpp, line 212]
Event: 0.568 Thread 0x000001f645310800 Exception <a 'java/lang/ClassNotFoundException': ToolBarSeparator> (0x00000000d601a6a8) thrown at [C:\jenkins\workspace\8-2-build-windows-amd64-cygwin\jdk8u271\605\hotspot\src\share\vm\classfile\systemDictionary.cpp, line 212]
Event: 0.568 Thread 0x000001f645310800 Exception <a 'java/lang/ClassNotFoundException': ToolTip> (0x00000000d601ade8) thrown at [C:\jenkins\workspace\8-2-build-windows-amd64-cygwin\jdk8u271\605\hotspot\src\share\vm\classfile\systemDictionary.cpp, line 212]
Event: 0.569 Thread 0x000001f645310800 Exception <a 'java/lang/ClassNotFoundException': Tree> (0x00000000d601ba08) thrown at [C:\jenkins\workspace\8-2-build-windows-amd64-cygwin\jdk8u271\605\hotspot\src\share\vm\classfile\systemDictionary.cpp, line 212]
Event: 0.569 Thread 0x000001f645310800 Exception <a 'java/lang/ClassNotFoundException': Tree> (0x00000000d601c148) thrown at [C:\jenkins\workspace\8-2-build-windows-amd64-cygwin\jdk8u271\605\hotspot\src\share\vm\classfile\systemDictionary.cpp, line 212]
Event: 0.569 Thread 0x000001f645310800 Exception <a 'java/lang/ClassNotFoundException': javax/swing/JTreeCell> (0x00000000d601c4c8) thrown at [C:\jenkins\workspace\8-2-build-windows-amd64-cygwin\jdk8u271\605\hotspot\src\share\vm\classfile\systemDictionary.cpp, line 212]
Event: 0.569 Thread 0x000001f645310800 Exception <a 'java/lang/ClassNotFoundException': TreeCell> (0x00000000d601c950) thrown at [C:\jenkins\workspace\8-2-build-windows-amd64-cygwin\jdk8u271\605\hotspot\src\share\vm\classfile\systemDictionary.cpp, line 212]
Event: 0.570 Thread 0x000001f645310800 Exception <a 'java/lang/ClassNotFoundException': RootPane> (0x00000000d601d3b0) thrown at [C:\jenkins\workspace\8-2-build-windows-amd64-cygwin\jdk8u271\605\hotspot\src\share\vm\classfile\systemDictionary.cpp, line 212]
Event: 51.470 Thread 0x000001f65caa0800 Implicit null exception at 0x000001f647645eb6 to 0x000001f6476495dd

Events (10 events):
Event: 51.544 loading class java/awt/font/GlyphVector done
Event: 51.544 loading class sun/font/StandardGlyphVector done
Event: 51.545 loading class java/awt/font/TextLine$TextLineMetrics
Event: 51.545 loading class java/awt/font/TextLine$TextLineMetrics done
Event: 51.545 loading class sun/font/StandardGlyphVector$GlyphStrike
Event: 51.546 loading class sun/font/StandardGlyphVector$GlyphStrike done
Event: 51.546 loading class java/awt/geom/Path2D$Float$CopyIterator
Event: 51.546 loading class java/awt/geom/Path2D$Float$CopyIterator done
Event: 51.546 Executing VM operation: Deoptimize
Event: 51.547 Executing VM operation: Deoptimize done


Dynamic libraries:
0x00007ff7696c0000 - 0x00007ff769707000 	C:\Program Files\Java\jdk1.8.0_271\bin\java.exe
0x00007ff865f10000 - 0x00007ff8660eb000 	C:\Windows\SYSTEM32\ntdll.dll
0x00007ff8385a0000 - 0x00007ff8385b6000 	C:\Program Files\Avast Software\Avast\aswhook.dll
0x00007ff865da0000 - 0x00007ff865e4e000 	C:\Windows\System32\KERNEL32.DLL
0x00007ff862430000 - 0x00007ff862679000 	C:\Windows\System32\KERNELBASE.dll
0x00007ff8638c0000 - 0x00007ff863961000 	C:\Windows\System32\ADVAPI32.dll
0x00007ff864370000 - 0x00007ff86440d000 	C:\Windows\System32\msvcrt.dll
0x00007ff863c30000 - 0x00007ff863c89000 	C:\Windows\System32\sechost.dll
0x00007ff863770000 - 0x00007ff863895000 	C:\Windows\System32\RPCRT4.dll
0x00007ff863580000 - 0x00007ff8636ca000 	C:\Windows\System32\USER32.dll
0x00007ff862680000 - 0x00007ff86269e000 	C:\Windows\System32\win32u.dll
0x00007ff864930000 - 0x00007ff864957000 	C:\Windows\System32\GDI32.dll
0x00007ff862f60000 - 0x00007ff8630e9000 	C:\Windows\System32\gdi32full.dll
0x00007ff8630f0000 - 0x00007ff86318a000 	C:\Windows\System32\msvcp_win.dll
0x00007ff8626a0000 - 0x00007ff862796000 	C:\Windows\System32\ucrtbase.dll
0x00007ff853aa0000 - 0x00007ff853d07000 	C:\Windows\WinSxS\amd64_microsoft.windows.common-controls_6595b64144ccf1df_6.0.15063.0_none_108e4f62dfe5d999\COMCTL32.dll
0x00007ff864070000 - 0x00007ff864369000 	C:\Windows\System32\combase.dll
0x00007ff8627a0000 - 0x00007ff86280a000 	C:\Windows\System32\bcryptPrimitives.dll
0x00007ff863ab0000 - 0x00007ff863add000 	C:\Windows\System32\IMM32.DLL
0x00007ff852040000 - 0x00007ff852055000 	C:\Program Files\Java\jdk1.8.0_271\jre\bin\vcruntime140.dll
0x00007ff84c5c0000 - 0x00007ff84c65b000 	C:\Program Files\Java\jdk1.8.0_271\jre\bin\msvcp140.dll
0x0000000051200000 - 0x0000000051a6f000 	C:\Program Files\Java\jdk1.8.0_271\jre\bin\server\jvm.dll
0x00007ff865e50000 - 0x00007ff865e58000 	C:\Windows\System32\PSAPI.DLL
0x00007ff859e70000 - 0x00007ff859e79000 	C:\Windows\SYSTEM32\WSOCK32.dll
0x00007ff863e60000 - 0x00007ff863ecc000 	C:\Windows\System32\WS2_32.dll
0x00007ff860870000 - 0x00007ff860893000 	C:\Windows\SYSTEM32\WINMM.dll
0x00007ff85c0d0000 - 0x00007ff85c0da000 	C:\Windows\SYSTEM32\VERSION.dll
0x00007ff860810000 - 0x00007ff86083b000 	C:\Windows\SYSTEM32\WINMMBASE.dll
0x00007ff862f10000 - 0x00007ff862f59000 	C:\Windows\System32\cfgmgr32.dll
0x00007ff862410000 - 0x00007ff862421000 	C:\Windows\System32\kernel.appcore.dll
0x00007ff852670000 - 0x00007ff852680000 	C:\Program Files\Java\jdk1.8.0_271\jre\bin\verify.dll
0x00007ff84e280000 - 0x00007ff84e2ab000 	C:\Program Files\Java\jdk1.8.0_271\jre\bin\java.dll
0x00007ff84e260000 - 0x00007ff84e278000 	C:\Program Files\Java\jdk1.8.0_271\jre\bin\zip.dll
0x00007ff864960000 - 0x00007ff865d97000 	C:\Windows\System32\SHELL32.dll
0x00007ff865e60000 - 0x00007ff865f0a000 	C:\Windows\System32\shcore.dll
0x00007ff862810000 - 0x00007ff862f02000 	C:\Windows\System32\windows.storage.dll
0x00007ff863a50000 - 0x00007ff863aa1000 	C:\Windows\System32\shlwapi.dll
0x00007ff862380000 - 0x00007ff8623cc000 	C:\Windows\System32\powrprof.dll
0x00007ff8623f0000 - 0x00007ff862405000 	C:\Windows\System32\profapi.dll
0x00007ff84c660000 - 0x00007ff84c7f4000 	C:\Program Files\Java\jdk1.8.0_271\jre\bin\awt.dll
0x00007ff864430000 - 0x00007ff8644ef000 	C:\Windows\System32\OLEAUT32.dll
0x00007ff860950000 - 0x00007ff8609ce000 	C:\Windows\SYSTEM32\apphelp.dll
0x00007ff860a90000 - 0x00007ff860b25000 	C:\Windows\system32\uxtheme.dll
0x00007ff863c90000 - 0x00007ff863df6000 	C:\Windows\System32\MSCTF.dll
0x00007ff85f930000 - 0x00007ff85f95a000 	C:\Windows\system32\dwmapi.dll
0x00007ff863ae0000 - 0x00007ff863c23000 	C:\Windows\System32\ole32.dll
0x00007ff8284a0000 - 0x00007ff8284e9000 	C:\Program Files\Java\jdk1.8.0_271\jre\bin\fontmanager.dll
0x00007ff834390000 - 0x00007ff8344b1000 	C:\Windows\system32\opengl32.dll
0x00007ff834320000 - 0x00007ff83434c000 	C:\Windows\SYSTEM32\GLU32.dll
0x00007ff82b280000 - 0x00007ff82b2b2000 	C:\Program Files\Java\jdk1.8.0_271\jre\bin\jpeg.dll
0x00007ff851670000 - 0x00007ff85168c000 	C:\Program Files\Java\jdk1.8.0_271\jre\bin\net.dll
0x00007ff861c90000 - 0x00007ff861cec000 	C:\Windows\system32\mswsock.dll
0x00007ff84e450000 - 0x00007ff84e463000 	C:\Program Files\Java\jdk1.8.0_271\jre\bin\nio.dll
0x00007ff828450000 - 0x00007ff828493000 	C:\Program Files\Java\jdk1.8.0_271\jre\bin\t2k.dll
0x00007ff85a7a0000 - 0x00007ff85a822000 	C:\Windows\System32\TextInputFramework.dll
0x00007ff85cd10000 - 0x00007ff85cfe2000 	C:\Windows\System32\CoreUIComponents.dll
0x00007ff860220000 - 0x00007ff860303000 	C:\Windows\System32\CoreMessaging.dll
0x00007ff85e290000 - 0x00007ff85e3c9000 	C:\Windows\SYSTEM32\wintypes.dll
0x00007ff8616e0000 - 0x00007ff861711000 	C:\Windows\SYSTEM32\ntmarta.dll
0x00007ff85edf0000 - 0x00007ff85ee05000 	C:\Windows\SYSTEM32\usermgrcli.dll
0x00007ff84c590000 - 0x00007ff84c5ba000 	C:\Program Files\Java\jdk1.8.0_271\jre\bin\dcpr.dll
0x00007ff861a70000 - 0x00007ff861b14000 	C:\Windows\SYSTEM32\DNSAPI.dll
0x00007ff8638a0000 - 0x00007ff8638a8000 	C:\Windows\System32\NSI.dll
0x00007ff861a30000 - 0x00007ff861a67000 	C:\Windows\SYSTEM32\IPHLPAPI.DLL
0x0000000052690000 - 0x000000005269a000 	C:\Program Files\National Instruments\Shared\mDNS Responder\nimdnsNSP.dll
0x0000000052680000 - 0x0000000052690000 	C:\Windows\SYSTEM32\nimdnsResponder.dll
0x00007ff84a3f0000 - 0x00007ff84a3fa000 	C:\Windows\System32\rasadhlp.dll
0x00007ff854ca0000 - 0x00007ff854d0b000 	C:\Windows\System32\fwpuclnt.dll
0x00007ff861f40000 - 0x00007ff861f65000 	C:\Windows\SYSTEM32\bcrypt.dll
0x00007ff828420000 - 0x00007ff828444000 	C:\Program Files\Java\jdk1.8.0_271\jre\bin\sunec.dll
0x00007ff85a540000 - 0x00007ff85a556000 	C:\Windows\SYSTEM32\dhcpcsvc6.DLL
0x00007ff85a520000 - 0x00007ff85a53a000 	C:\Windows\SYSTEM32\dhcpcsvc.DLL
0x00007ff861e40000 - 0x00007ff861e57000 	C:\Windows\SYSTEM32\CRYPTSP.dll
0x00007ff8618b0000 - 0x00007ff8618e4000 	C:\Windows\system32\rsaenh.dll
0x00007ff862280000 - 0x00007ff8622a9000 	C:\Windows\SYSTEM32\USERENV.dll
0x00007ff861e30000 - 0x00007ff861e3b000 	C:\Windows\SYSTEM32\CRYPTBASE.dll
0x00007ff85bcd0000 - 0x00007ff85bcdd000 	C:\Program Files\Java\jdk1.8.0_271\jre\bin\sunmscapi.dll
0x00007ff8632a0000 - 0x00007ff863469000 	C:\Windows\System32\CRYPT32.dll
0x00007ff8623d0000 - 0x00007ff8623e1000 	C:\Windows\System32\MSASN1.dll
0x00007ff861f10000 - 0x00007ff861f35000 	C:\Windows\SYSTEM32\ncrypt.dll
0x00007ff861ed0000 - 0x00007ff861f06000 	C:\Windows\SYSTEM32\NTASN1.dll
0x00007ff8636d0000 - 0x00007ff86376e000 	C:\Windows\System32\clbcatq.dll
0x00007ff85d4f0000 - 0x00007ff85d69c000 	C:\Windows\SYSTEM32\WindowsCodecs.dll
0x00007ff8335b0000 - 0x00007ff8335f7000 	C:\Windows\system32\dataexchange.dll
0x00007ff860310000 - 0x00007ff860432000 	C:\Windows\system32\dcomp.dll
0x00007ff85f960000 - 0x00007ff85fc3f000 	C:\Windows\system32\d3d11.dll
0x00007ff8611f0000 - 0x00007ff861294000 	C:\Windows\system32\dxgi.dll
0x00007ff860d50000 - 0x00007ff860ec0000 	C:\Windows\system32\twinapi.appcore.dll
0x00007ff859000000 - 0x00007ff8591a9000 	C:\Windows\SYSTEM32\dbghelp.dll

VM Arguments:
jvm_args: -Dfile.encoding=UTF-8 
java_command: nmc.nust.medical.centre.NMC
java_class_path (initial): C:\Program Files\NetBeans 8.1\java\modules\ext\AbsoluteLayout.jar;C:\Users\hp\Desktop\HMS ICON\mysql-connector-java-8.0.27\mysql-connector-java-8.0.27.jar;C:\Program Files\NetBeans 8.1\java\modules\ext\beansbinding-1.2.1.jar;C:\Users\hp\Desktop\HMS ICON\mysql-connector-java-8.0.27\rs2xml.jar;C:\Users\hp\Documents\NetBeansProjects\NMC(Nust Medical Centre)\build\classes
Launcher Type: SUN_STANDARD

Environment Variables:
PATH=C:\Program Files (x86)\Common Files\Oracle\Java\javapath;C:\Windows\system32;C:\Windows;C:\Windows\System32\Wbem;C:\Windows\System32\WindowsPowerShell\v1.0\;C:\Program Files (x86)\Microsoft SQL Server\130\Tools\Binn\;C:\Program Files\Microsoft SQL Server\130\Tools\Binn\;C:\Program Files (x86)\Microsoft SQL Server\130\DTS\Binn\;C:\Program Files\Microsoft SQL Server\130\DTS\Binn\;C:\Program Files\Microsoft SQL Server\Client SDK\ODBC\130\Tools\Binn\;C:\Program Files\MySQL\MySQL Shell 8.0\bin\;C:\Users\hp\AppData\Local\Microsoft\WindowsApps
USERNAME=Rehan Ramzan
OS=Windows_NT
PROCESSOR_IDENTIFIER=Intel64 Family 6 Model 61 Stepping 4, GenuineIntel



---------------  S Y S T E M  ---------------

OS: Windows 10.0 , 64 bit Build 15063 (10.0.15063.0)

CPU:total 4 (initial active 4) (2 cores per cpu, 2 threads per core) family 6 model 61 stepping 4, cmov, cx8, fxsr, mmx, sse, sse2, sse3, ssse3, sse4.1, sse4.2, popcnt, avx, avx2, aes, clmul, erms, 3dnowpref, lzcnt, ht, tsc, tscinvbit, bmi1, bmi2, adx

Memory: 4k page, physical 8301972k(758880k free), swap 22881936k(5776k free)

vm_info: Java HotSpot(TM) 64-Bit Server VM (25.271-b09) for windows-amd64 JRE (1.8.0_271-b09), built on Sep 16 2020 19:14:59 by "" with MS VC++ 15.9 (VS2017)

time: Sun Dec 19 04:48:12 2021
timezone: Pacific Standard Time
elapsed time: 51.595952 seconds (0d 0h 0m 51s)

