#
# There is insufficient memory for the Java Runtime Environment to continue.
# Native memory allocation (malloc) failed to allocate 1048576 bytes for AllocateHeap
# Possible reasons:
#   The system is out of physical RAM or swap space
#   The process is running with CompressedOops enabled, and the Java Heap may be blocking the growth of the native heap
# Possible solutions:
#   Reduce memory load on the system
#   Increase physical memory or swap space
#   Check if swap backing store is full
#   Decrease Java heap size (-Xmx/-Xms)
#   Decrease number of Java threads
#   Decrease Java thread stack sizes (-Xss)
#   Set larger code cache with -XX:ReservedCodeCacheSize=
#   JVM is running with Unscaled Compressed Oops mode in which the Java heap is
#     placed in the first 4GB address space. The Java Heap base address is the
#     maximum limit for the native heap growth. Please use -XX:HeapBaseMinAddress
#     to set the Java Heap base and to place the Java Heap above 4GB virtual address.
# This output file may be truncated or incomplete.
#
#  Out of Memory Error (memory/allocation.inline.hpp:61), pid=21492, tid=0x0000000000001548
#
# JRE version:  (8.0_271-b09) (build )
# Java VM: Java HotSpot(TM) 64-Bit Server VM (25.271-b09 mixed mode windows-amd64 compressed oops)
# Failed to write core dump. Minidumps are not enabled by default on client versions of Windows
#

---------------  T H R E A D  ---------------

Current thread (0x000001dbaacc1800):  JavaThread "Unknown thread" [_thread_in_vm, id=5448, stack(0x000000aba6100000,0x000000aba6200000)]

Stack: [0x000000aba6100000,0x000000aba6200000]
Native frames: (J=compiled Java code, j=interpreted, Vv=VM code, C=native code)
V  [jvm.dll+0x33f6c9]
V  [jvm.dll+0x286122]
V  [jvm.dll+0x286dcd]
V  [jvm.dll+0x27d805]
V  [jvm.dll+0x1565d]
V  [jvm.dll+0x3da1f7]
V  [jvm.dll+0x3d6637]
V  [jvm.dll+0x10cfff]
V  [jvm.dll+0x21ab2b]
V  [jvm.dll+0x2494e7]
V  [jvm.dll+0x172a76]
C  [java.exe+0x2312]
C  [java.exe+0x15f54]
C  [KERNEL32.DLL+0x12774]
C  [ntdll.dll+0x70d61]


---------------  P R O C E S S  ---------------

Java Threads: ( => current thread )

Other Threads:

=>0x000001dbaacc1800 (exited) JavaThread "Unknown thread" [_thread_in_vm, id=5448, stack(0x000000aba6100000,0x000000aba6200000)]

VM state:not at safepoint (normal execution)

VM Mutex/Monitor currently owned by a thread: None

heap address: 0x0000000081400000, size: 2028 MB, Compressed Oops mode: 32-bit
Narrow klass base: 0x0000000000000000, Narrow klass shift: 3
Compressed class space size: 1073741824 Address: 0x0000000100000000

Heap:
 PSYoungGen      total 38400K, used 665K [0x00000000d5c00000, 0x00000000d8680000, 0x0000000100000000)
  eden space 33280K, 2% used [0x00000000d5c00000,0x00000000d5ca6670,0x00000000d7c80000)
  from space 5120K, 0% used [0x00000000d8180000,0x00000000d8180000,0x00000000d8680000)
  to   space 5120K, 0% used [0x00000000d7c80000,0x00000000d7c80000,0x00000000d8180000)
 ParOldGen       total 87552K, used 0K [0x0000000081400000, 0x0000000086980000, 0x00000000d5c00000)
  object space 87552K, 0% used [0x0000000081400000,0x0000000081400000,0x0000000086980000)
 Metaspace       used 776K, capacity 4480K, committed 4480K, reserved 1056768K
  class space    used 76K, capacity 384K, committed 384K, reserved 1048576K

Card table byte_map: [0x000001dbbba20000,0x000001dbbbe20000] byte_map_base: 0x000001dbbb616000

Marking Bits: (ParMarkBitMap*) 0x000000006f9e7fe0
 Begin Bits: [0x000001dbbc0d0000, 0x000001dbbe080000)
 End Bits:   [0x000001dbbe080000, 0x000001dbc0030000)

Polling page: 0x000001dbaae70000

CodeCache: size=245760Kb used=328Kb max_used=328Kb free=245431Kb
 bounds [0x000001dbac660000, 0x000001dbac8d0000, 0x000001dbbb660000]
 total_blobs=58 nmethods=0 adapters=38
 compilation: enabled

Compilation events (0 events):
No events

GC Heap History (0 events):
No events

Deoptimization events (0 events):
No events

Classes redefined (0 events):
No events

Internal exceptions (0 events):
No events

Events (10 events):
Event: 0.035 loading class java/lang/Short
Event: 0.035 loading class java/lang/Short done
Event: 0.035 loading class java/lang/Integer
Event: 0.035 loading class java/lang/Integer done
Event: 0.035 loading class java/lang/Long
Event: 0.035 loading class java/lang/Long done
Event: 0.036 loading class java/lang/NullPointerException
Event: 0.036 loading class java/lang/NullPointerException done
Event: 0.036 loading class java/lang/ArithmeticException
Event: 0.036 loading class java/lang/ArithmeticException done


Dynamic libraries:
0x00007ff7ebaf0000 - 0x00007ff7ebb37000 	C:\Program Files\Java\jdk1.8.0_271\bin\java.exe
0x00007ffdabf60000 - 0x00007ffdac13b000 	C:\Windows\SYSTEM32\ntdll.dll
0x00007ffd988e0000 - 0x00007ffd988f6000 	C:\Program Files\Avast Software\Avast\aswhook.dll
0x00007ffda9c80000 - 0x00007ffda9d2e000 	C:\Windows\System32\KERNEL32.DLL
0x00007ffda8730000 - 0x00007ffda8979000 	C:\Windows\System32\KERNELBASE.dll
0x00007ffda9b20000 - 0x00007ffda9bc1000 	C:\Windows\System32\ADVAPI32.dll
0x00007ffda95e0000 - 0x00007ffda967d000 	C:\Windows\System32\msvcrt.dll
0x00007ffda9ac0000 - 0x00007ffda9b19000 	C:\Windows\System32\sechost.dll
0x00007ffda96b0000 - 0x00007ffda97d5000 	C:\Windows\System32\RPCRT4.dll
0x00007ffdaa630000 - 0x00007ffdaa77a000 	C:\Windows\System32\USER32.dll
0x00007ffda9400000 - 0x00007ffda941e000 	C:\Windows\System32\win32u.dll
0x00007ffdaa4c0000 - 0x00007ffdaa4e7000 	C:\Windows\System32\GDI32.dll
0x00007ffda84d0000 - 0x00007ffda8659000 	C:\Windows\System32\gdi32full.dll
0x00007ffda9420000 - 0x00007ffda94ba000 	C:\Windows\System32\msvcp_win.dll
0x00007ffda9300000 - 0x00007ffda93f6000 	C:\Windows\System32\ucrtbase.dll
0x00007ffd996a0000 - 0x00007ffd99907000 	C:\Windows\WinSxS\amd64_microsoft.windows.common-controls_6595b64144ccf1df_6.0.15063.0_none_108e4f62dfe5d999\COMCTL32.dll
0x00007ffdaa780000 - 0x00007ffdaaa79000 	C:\Windows\System32\combase.dll
0x00007ffda86c0000 - 0x00007ffda872a000 	C:\Windows\System32\bcryptPrimitives.dll
0x00007ffda9680000 - 0x00007ffda96ad000 	C:\Windows\System32\IMM32.DLL
0x00007ffda2800000 - 0x00007ffda2815000 	C:\Program Files\Java\jdk1.8.0_271\jre\bin\vcruntime140.dll
0x00007ffd6c080000 - 0x00007ffd6c11b000 	C:\Program Files\Java\jdk1.8.0_271\jre\bin\msvcp140.dll
0x000000006f1f0000 - 0x000000006fa5f000 	C:\Program Files\Java\jdk1.8.0_271\jre\bin\server\jvm.dll
0x00007ffda95d0000 - 0x00007ffda95d8000 	C:\Windows\System32\PSAPI.DLL
0x00007ffda6520000 - 0x00007ffda6543000 	C:\Windows\SYSTEM32\WINMM.dll
0x00007ffd9c320000 - 0x00007ffd9c329000 	C:\Windows\SYSTEM32\WSOCK32.dll
0x00007ffdabef0000 - 0x00007ffdabf5c000 	C:\Windows\System32\WS2_32.dll
0x00007ffda34e0000 - 0x00007ffda34ea000 	C:\Windows\SYSTEM32\VERSION.dll
0x00007ffda64c0000 - 0x00007ffda64eb000 	C:\Windows\SYSTEM32\WINMMBASE.dll
0x00007ffda8480000 - 0x00007ffda84c9000 	C:\Windows\System32\cfgmgr32.dll
0x00007ffda8440000 - 0x00007ffda8451000 	C:\Windows\System32\kernel.appcore.dll
0x00007ffda5370000 - 0x00007ffda5380000 	C:\Program Files\Java\jdk1.8.0_271\jre\bin\verify.dll
0x00007ffd952e0000 - 0x00007ffd9530b000 	C:\Program Files\Java\jdk1.8.0_271\jre\bin\java.dll
0x00007ffd95280000 - 0x00007ffd95298000 	C:\Program Files\Java\jdk1.8.0_271\jre\bin\zip.dll
0x00007ffda07d0000 - 0x00007ffda0979000 	C:\Windows\SYSTEM32\dbghelp.dll

VM Arguments:
jvm_args: -Dfile.encoding=UTF-8 
java_command: nmc.nust.medical.centre.Add_Doctor
java_class_path (initial): C:\Program Files\NetBeans 8.1\java\modules\ext\AbsoluteLayout.jar;C:\Users\hp\Desktop\HMS ICON\mysql-connector-java-8.0.27\mysql-connector-java-8.0.27.jar;C:\Users\hp\Documents\NetBeansProjects\NMC(Nust Medical Centre)\build\classes
Launcher Type: SUN_STANDARD

Environment Variables:
PATH=C:\Program Files (x86)\Common Files\Oracle\Java\javapath;C:\Windows\system32;C:\Windows;C:\Windows\System32\Wbem;C:\Windows\System32\WindowsPowerShell\v1.0\;C:\Program Files (x86)\Microsoft SQL Server\130\Tools\Binn\;C:\Program Files\Microsoft SQL Server\130\Tools\Binn\;C:\Program Files (x86)\Microsoft SQL Server\130\DTS\Binn\;C:\Program Files\Microsoft SQL Server\130\DTS\Binn\;C:\Program Files\Microsoft SQL Server\Client SDK\ODBC\130\Tools\Binn\;C:\Program Files\MySQL\MySQL Shell 8.0\bin\;C:\Users\hp\AppData\Local\Microsoft\WindowsApps
USERNAME=Rehan Ramzan
OS=Windows_NT
PROCESSOR_IDENTIFIER=Intel64 Family 6 Model 61 Stepping 4, GenuineIntel



---------------  S Y S T E M  ---------------

OS: Windows 10.0 , 64 bit Build 15063 (10.0.15063.0)

CPU:total 4 (initial active 4) (2 cores per cpu, 2 threads per core) family 6 model 61 stepping 4, cmov, cx8, fxsr, mmx, sse, sse2, sse3, ssse3, sse4.1, sse4.2, popcnt, avx, avx2, aes, clmul, erms, 3dnowpref, lzcnt, ht, tsc, tscinvbit, bmi1, bmi2, adx

Memory: 4k page, physical 8301972k(2237764k free), swap 22881936k(5192k free)

vm_info: Java HotSpot(TM) 64-Bit Server VM (25.271-b09) for windows-amd64 JRE (1.8.0_271-b09), built on Sep 16 2020 19:14:59 by "" with MS VC++ 15.9 (VS2017)

time: Sat Dec 11 09:52:49 2021
timezone: Pacific Standard Time
elapsed time: 0.077078 seconds (0d 0h 0m 0s)

